c:\users\lenovo\desktop\sdl_project_1.1.0 - using umers body class\sdl_project\debug\vc141.pdb
c:\users\lenovo\desktop\sdl_project_1.1.0 - using umers body class\sdl_project\debug\vc141.idb
c:\users\lenovo\desktop\sdl_project_1.1.0 - using umers body class\sdl_project\debug\assignment1.obj
c:\users\lenovo\desktop\sdl_project_1.1.0 - using umers body class\sdl_project\debug\assignment2.obj
c:\users\lenovo\desktop\sdl_project_1.1.0 - using umers body class\sdl_project\debug\assignment3.obj
c:\users\lenovo\desktop\sdl_project_1.1.0 - using umers body class\sdl_project\debug\body.obj
c:\users\lenovo\desktop\sdl_project_1.1.0 - using umers body class\sdl_project\debug\collider.obj
c:\users\lenovo\desktop\sdl_project_1.1.0 - using umers body class\sdl_project\debug\gamemanager.obj
c:\users\lenovo\desktop\sdl_project_1.1.0 - using umers body class\sdl_project\debug\main.obj
c:\users\lenovo\desktop\sdl_project_1.1.0 - using umers body class\sdl_project\debug\mmath.obj
c:\users\lenovo\desktop\sdl_project_1.1.0 - using umers body class\sdl_project\debug\timer.obj
c:\users\lenovo\desktop\sdl_project_1.1.0 - using umers body class\sdl_project\debug\ui1.obj
c:\users\lenovo\desktop\sdl_project_1.1.0 - using umers body class\sdl_project\debug\ui2.obj
c:\users\lenovo\desktop\sdl_project_1.1.0 - using umers body class\sdl_project\debug\uimanager.obj
c:\users\lenovo\desktop\sdl_project_1.1.0 - using umers body class\sdl_project\debug\vmath.obj
c:\users\lenovo\desktop\sdl_project_1.1.0 - using umers body class\sdl_project\debug\window.obj
c:\users\lenovo\desktop\sdl_project_1.1.0 - using umers body class\debug\sdl_project.ilk
c:\users\lenovo\desktop\sdl_project_1.1.0 - using umers body class\debug\sdl_project.exe
c:\users\lenovo\desktop\sdl_project_1.1.0 - using umers body class\debug\sdl_project.pdb
c:\users\lenovo\desktop\sdl_project_1.1.0 - using umers body class\sdl_project\debug\sdl_project.tlog\cl.command.1.tlog
c:\users\lenovo\desktop\sdl_project_1.1.0 - using umers body class\sdl_project\debug\sdl_project.tlog\cl.read.1.tlog
c:\users\lenovo\desktop\sdl_project_1.1.0 - using umers body class\sdl_project\debug\sdl_project.tlog\cl.write.1.tlog
c:\users\lenovo\desktop\sdl_project_1.1.0 - using umers body class\sdl_project\debug\sdl_project.tlog\link.command.1.tlog
c:\users\lenovo\desktop\sdl_project_1.1.0 - using umers body class\sdl_project\debug\sdl_project.tlog\link.read.1.tlog
c:\users\lenovo\desktop\sdl_project_1.1.0 - using umers body class\sdl_project\debug\sdl_project.tlog\link.write.1.tlog
